# JRE version: Java(TM) SE Runtime Environment (17.0.5+9) (build 17.0.5+9-LTS-191)
# Java VM: Java HotSpot(TM) 64-Bit Server VM (17.0.5+9-LTS-191, mixed mode, sharing, tiered, compressed oops, compressed class ptrs, g1 gc, bsd-aarch64)
Heap:
 garbage-first heap   total 280576K, used 81895K [0x00000007c0000000, 0x0000000800000000)
  region size 1024K, 3 young (3072K), 0 survivors (0K)
 Metaspace       used 9384K, committed 9600K, reserved 1064960K
  class space    used 1477K, committed 1600K, reserved 1048576K
GC Heap History (20 events):
Event: 40.506 GC heap before
{Heap before GC invocations=35 (full 20):
 garbage-first heap   total 96256K, used 67077K [0x00000007c0000000, 0x0000000800000000)
  region size 1024K, 46 young (47104K), 6 survivors (6144K)
 Metaspace       used 7547K, committed 7680K, reserved 1064960K
  class space    used 1181K, committed 1216K, reserved 1048576K
}
Event: 40.509 GC heap after
{Heap after GC invocations=36 (full 20):
 garbage-first heap   total 96256K, used 23992K [0x00000007c0000000, 0x0000000800000000)
  region size 1024K, 4 young (4096K), 4 survivors (4096K)
 Metaspace       used 7547K, committed 7680K, reserved 1064960K
  class space    used 1181K, committed 1216K, reserved 1048576K
}
Event: 40.539 GC heap before
{Heap before GC invocations=36 (full 20):
 garbage-first heap   total 96256K, used 67000K [0x00000007c0000000, 0x0000000800000000)
  region size 1024K, 46 young (47104K), 4 survivors (4096K)
 Metaspace       used 7548K, committed 7680K, reserved 1064960K
  class space    used 1181K, committed 1216K, reserved 1048576K
}
Event: 40.547 GC heap after
{Heap after GC invocations=37 (full 20):
 garbage-first heap   total 96256K, used 27455K [0x00000007c0000000, 0x0000000800000000)
  region size 1024K, 6 young (6144K), 6 survivors (6144K)
 Metaspace       used 7548K, committed 7680K, reserved 1064960K
  class space    used 1181K, committed 1216K, reserved 1048576K
}
Event: 40.572 GC heap before
{Heap before GC invocations=37 (full 20):
 garbage-first heap   total 96256K, used 69439K [0x00000007c0000000, 0x0000000800000000)
  region size 1024K, 47 young (48128K), 6 survivors (6144K)
 Metaspace       used 7549K, committed 7680K, reserved 1064960K
  class space    used 1181K, committed 1216K, reserved 1048576K
}
Event: 40.580 GC heap after
{Heap after GC invocations=38 (full 20):
 garbage-first heap   total 190464K, used 32107K [0x00000007c0000000, 0x0000000800000000)
  region size 1024K, 5 young (5120K), 5 survivors (5120K)
 Metaspace       used 7549K, committed 7680K, reserved 1064960K
  class space    used 1181K, committed 1216K, reserved 1048576K
}
Event: 40.860 GC heap before
{Heap before GC invocations=38 (full 20):
 garbage-first heap   total 190464K, used 153963K [0x00000007c0000000, 0x0000000800000000)
  region size 1024K, 111 young (113664K), 5 survivors (5120K)
 Metaspace       used 9059K, committed 9280K, reserved 1064960K
  class space    used 1410K, committed 1472K, reserved 1048576K
}
Event: 40.874 GC heap after
{Heap after GC invocations=39 (full 20):
 garbage-first heap   total 190464K, used 64284K [0x00000007c0000000, 0x0000000800000000)
  region size 1024K, 14 young (14336K), 14 survivors (14336K)
 Metaspace       used 9059K, committed 9280K, reserved 1064960K
  class space    used 1410K, committed 1472K, reserved 1048576K
}
Event: 40.927 GC heap before
{Heap before GC invocations=39 (full 20):
 garbage-first heap   total 190464K, used 128796K [0x00000007c0000000, 0x0000000800000000)
  region size 1024K, 78 young (79872K), 14 survivors (14336K)
 Metaspace       used 9069K, committed 9280K, reserved 1064960K
  class space    used 1410K, committed 1472K, reserved 1048576K
}
Event: 40.964 GC heap after
{Heap after GC invocations=40 (full 21):
 garbage-first heap   total 190464K, used 56291K [0x00000007c0000000, 0x0000000800000000)
  region size 1024K, 0 young (0K), 0 survivors (0K)
 Metaspace       used 9069K, committed 9280K, reserved 1064960K
  class space    used 1410K, committed 1472K, reserved 1048576K
}
Event: 41.012 GC heap before
{Heap before GC invocations=40 (full 21):
 garbage-first heap   total 190464K, used 98275K [0x00000007c0000000, 0x0000000800000000)
  region size 1024K, 42 young (43008K), 0 survivors (0K)
 Metaspace       used 9122K, committed 9344K, reserved 1064960K
  class space    used 1447K, committed 1536K, reserved 1048576K
}
Event: 41.040 GC heap after
{Heap after GC invocations=41 (full 22):
 garbage-first heap   total 190464K, used 61401K [0x00000007c0000000, 0x0000000800000000)
  region size 1024K, 0 young (0K), 0 survivors (0K)
 Metaspace       used 9122K, committed 9344K, reserved 1064960K
  class space    used 1447K, committed 1536K, reserved 1048576K
}
Event: 41.116 GC heap before
{Heap before GC invocations=41 (full 22):
 garbage-first heap   total 190464K, used 132057K [0x00000007c0000000, 0x0000000800000000)
  region size 1024K, 69 young (70656K), 0 survivors (0K)
 Metaspace       used 9124K, committed 9344K, reserved 1064960K
  class space    used 1447K, committed 1536K, reserved 1048576K
}
Event: 41.121 GC heap after
{Heap after GC invocations=42 (full 22):
 garbage-first heap   total 190464K, used 69593K [0x00000007c0000000, 0x0000000800000000)
  region size 1024K, 8 young (8192K), 8 survivors (8192K)
 Metaspace       used 9124K, committed 9344K, reserved 1064960K
  class space    used 1447K, committed 1536K, reserved 1048576K
}
Event: 41.157 GC heap before
{Heap before GC invocations=42 (full 22):
 garbage-first heap   total 190464K, used 139225K [0x00000007c0000000, 0x0000000800000000)
  region size 1024K, 76 young (77824K), 8 survivors (8192K)
 Metaspace       used 9124K, committed 9344K, reserved 1064960K
  class space    used 1447K, committed 1536K, reserved 1048576K
}
Event: 41.165 GC heap after
{Heap after GC invocations=43 (full 22):
 garbage-first heap   total 190464K, used 78343K [0x00000007c0000000, 0x0000000800000000)
  region size 1024K, 9 young (9216K), 9 survivors (9216K)
 Metaspace       used 9124K, committed 9344K, reserved 1064960K
  class space    used 1447K, committed 1536K, reserved 1048576K
}
Event: 41.203 GC heap before
{Heap before GC invocations=43 (full 22):
 garbage-first heap   total 190464K, used 143879K [0x00000007c0000000, 0x0000000800000000)
  region size 1024K, 73 young (74752K), 9 survivors (9216K)
 Metaspace       used 9124K, committed 9344K, reserved 1064960K
  class space    used 1447K, committed 1536K, reserved 1048576K
}
Event: 41.211 GC heap after
{Heap after GC invocations=44 (full 22):
 garbage-first heap   total 441344K, used 85681K [0x00000007c0000000, 0x0000000800000000)
  region size 1024K, 9 young (9216K), 9 survivors (9216K)
 Metaspace       used 9124K, committed 9344K, reserved 1064960K
  class space    used 1447K, committed 1536K, reserved 1048576K
}
Event: 41.250 GC heap before
{Heap before GC invocations=44 (full 22):
 garbage-first heap   total 441344K, used 132785K [0x00000007c0000000, 0x0000000800000000)
  region size 1024K, 56 young (57344K), 9 survivors (9216K)
 Metaspace       used 9282K, committed 9472K, reserved 1064960K
  class space    used 1455K, committed 1536K, reserved 1048576K
}
Event: 41.284 GC heap after
{Heap after GC invocations=45 (full 23):
 garbage-first heap   total 280576K, used 79333K [0x00000007c0000000, 0x0000000800000000)
  region size 1024K, 0 young (0K), 0 survivors (0K)
 Metaspace       used 9282K, committed 9472K, reserved 1064960K
  class space    used 1455K, committed 1536K, reserved 1048576K
}

